<?xml version="1.0" encoding="UTF-8"?>
<!-- Generated by org.testng.reporters.JUnitXMLReporter -->
<testsuite hostname="Rahuls-MacBook-Pro.local" ignored="0" name="Command line test" tests="6" failures="0" timestamp="2020-06-19T19:21:39 BST" time="131.638" errors="0">
  <testcase name="titletest" time="0.804" classname="com.auto.qa.Testcases.HomeTest"/>
  <testcase name="searchBarTest" time="5.293" classname="com.auto.qa.Testcases.HomeTest"/>
  <testcase name="womanLabel" time="1.073" classname="com.auto.qa.Testcases.HomeTest"/>
  <testcase name="dressLabel" time="1.042" classname="com.auto.qa.Testcases.HomeTest"/>
  <testcase name="tshirtLabel" time="2.755" classname="com.auto.qa.Testcases.HomeTest"/>
  <testcase name="nLetter" time="1.871" classname="com.auto.qa.Testcases.HomeTest"/>
</testsuite> <!-- Command line test -->
